<?xml version="1.0" encoding="UTF-8"?>
<!-- Generated by org.testng.reporters.JUnitReportReporter -->
<testsuite hostname="user-PC" failures="0" tests="1" name="scripts.TestCase3" time="36.427" errors="0" timestamp="2022-10-17T16:18:40 IST" skipped="0">
  <testcase classname="scripts.TestCase3" name="tc3" time="36.427"/>
  <system-out/>
</testsuite> <!-- scripts.TestCase3 -->
