<?xml version="1.0" encoding="UTF-8"?>
<!-- Generated by org.testng.reporters.JUnitReportReporter -->
<testsuite hostname="user-PC" failures="0" tests="1" name="scripts.TestCase2" time="45.273" errors="0" timestamp="2022-10-17T16:17:46 IST" skipped="0">
  <testcase classname="scripts.TestCase2" name="tc2" time="45.273"/>
  <system-out/>
</testsuite> <!-- scripts.TestCase2 -->
